Girl's x position: Girl's y position: Girl's speed: Bear's x position: Bear's y position: Bear's speed: Telephone booth's x position: Telephone booth's y position: 	X_G	Y_G	X_B	Y_B
	0	0	10	0
	0.00995037	0.000995037	9.99	9.96028e-07
	0.0199007	0.00199007	9.98	2.99107e-06
	0.0298511	0.00298511	9.97	5.98813e-06
	0.0398015	0.00398015	9.96	9.99023e-06
	0.0497519	0.00497519	9.95	1.50004e-05
	0.0597022	0.00597022	9.94	2.10217e-05
	0.0696526	0.00696526	9.93	2.80571e-05
	0.079603	0.0079603	9.92	3.61098e-05
	0.0895533	0.00895533	9.91	4.51829e-05
	0.0995037	0.00995037	9.9	5.52794e-05
	0.109454	0.0109454	9.89	6.64025e-05
	0.119404	0.0119404	9.88	7.85553e-05
	0.129355	0.0129355	9.87	9.1741e-05
	0.139305	0.0139305	9.86	0.000105963
	0.149256	0.0149256	9.85	0.000121224
	0.159206	0.0159206	9.84	0.000137527
	0.169156	0.0169156	9.83	0.000154876
	0.179107	0.0179107	9.82	0.000173274
	0.189057	0.0189057	9.81	0.000192725
	0.199007	0.0199007	9.8	0.00021323
	0.208958	0.0208958	9.79	0.000234795
	0.218908	0.0218908	9.78	0.000257421
	0.228859	0.0228859	9.77	0.000281113
	0.238809	0.0238809	9.76	0.000305873
	0.248759	0.0248759	9.75	0.000331706
	0.25871	0.025871	9.74	0.000358614
	0.26866	0.026866	9.73	0.000386601
	0.27861	0.027861	9.72	0.00041567
	0.288561	0.0288561	9.71	0.000445825
	0.298511	0.0298511	9.7	0.000477069
	0.308462	0.0308462	9.69	0.000509405
	0.318412	0.0318412	9.68	0.000542838
	0.328362	0.0328362	9.67	0.00057737
	0.338313	0.0338313	9.66	0.000613005
	0.348263	0.0348263	9.65	0.000649747
	0.358213	0.0358213	9.64	0.000687599
	0.368164	0.0368164	9.63	0.000726565
	0.378114	0.0378114	9.62	0.000766648
	0.388065	0.0388065	9.61	0.000807852
	0.398015	0.0398015	9.6	0.000850181
	0.407965	0.0407965	9.59	0.000893638
	0.417916	0.0417916	9.58	0.000938227
	0.427866	0.0427866	9.57	0.000983952
	0.437816	0.0437816	9.56	0.00103082
	0.447767	0.0447767	9.55	0.00107882
	0.457717	0.0457717	9.54	0.00112798
	0.467667	0.0467667	9.53	0.00117828
	0.477618	0.0477618	9.52	0.00122974
	0.487568	0.0487568	9.51	0.00128236
	0.497519	0.0497519	9.5	0.00133614
	0.507469	0.0507469	9.49	0.00139108
	0.517419	0.0517419	9.48	0.0014472
	0.52737	0.052737	9.47	0.00150449
	0.53732	0.053732	9.46	0.00156296
	0.54727	0.054727	9.45	0.0016226
	0.557221	0.0557221	9.44	0.00168344
	0.567171	0.0567171	9.43	0.00174546
	0.577122	0.0577122	9.42	0.00180868
	0.587072	0.0587072	9.41	0.00187309
	0.597022	0.0597022	9.4	0.00193871
	0.606973	0.0606973	9.39	0.00200553
	0.616923	0.0616923	9.38	0.00207357
	0.626873	0.0626873	9.37	0.00214281
	0.636824	0.0636824	9.36001	0.00221328
	0.646774	0.0646774	9.35001	0.00228496
	0.656725	0.0656725	9.34001	0.00235788
	0.666675	0.0666675	9.33001	0.00243202
	0.676625	0.0676625	9.32001	0.0025074
	0.686576	0.0686576	9.31001	0.00258402
	0.696526	0.0696526	9.30001	0.00266188
	0.706476	0.0706476	9.29001	0.00274099
	0.716427	0.0716427	9.28001	0.00282136
	0.726377	0.0726377	9.27001	0.00290297
	0.736328	0.0736328	9.26001	0.00298586
	0.746278	0.0746278	9.25001	0.00307
	0.756228	0.0756228	9.24001	0.00315542
	0.766179	0.0766179	9.23001	0.00324211
	0.776129	0.0776129	9.22001	0.00333008
	0.786079	0.0786079	9.21001	0.00341933
	0.79603	0.079603	9.20001	0.00350987
	0.80598	0.080598	9.19001	0.0036017
	0.81593	0.081593	9.18001	0.00369483
	0.825881	0.0825881	9.17001	0.00378926
	0.835831	0.0835831	9.16001	0.003885
	0.845782	0.0845782	9.15001	0.00398205
	0.855732	0.0855732	9.14001	0.00408042
	0.865682	0.0865682	9.13001	0.0041801
	0.875633	0.0875633	9.12001	0.00428112
	0.885583	0.0885583	9.11001	0.00438346
	0.895533	0.0895533	9.10002	0.00448713
	0.905484	0.0905484	9.09002	0.00459215
	0.915434	0.0915434	9.08002	0.00469851
	0.925385	0.0925385	9.07002	0.00480622
	0.935335	0.0935335	9.06002	0.00491529
	0.945285	0.0945285	9.05002	0.00502572
	0.955236	0.0955236	9.04002	0.00513751
	0.965186	0.0965186	9.03002	0.00525067
	0.975136	0.0975136	9.02002	0.0053652
	0.985087	0.0985087	9.01002	0.00548112
	0.995037	0.0995037	9.00002	0.00559842
	1.00499	0.100499	8.99002	0.00571711
	1.01494	0.101494	8.98002	0.0058372
	1.02489	0.102489	8.97002	0.00595868
	1.03484	0.103484	8.96002	0.00608158
	1.04479	0.104479	8.95003	0.00620588
	1.05474	0.105474	8.94003	0.0063316
	1.06469	0.106469	8.93003	0.00645874
	1.07464	0.107464	8.92003	0.00658731
	1.08459	0.108459	8.91003	0.00671732
	1.09454	0.109454	8.90003	0.00684876
	1.10449	0.110449	8.89003	0.00698164
	1.11444	0.111444	8.88003	0.00711598
	1.12439	0.112439	8.87003	0.00725177
	1.13434	0.113434	8.86003	0.00738902
	1.14429	0.114429	8.85003	0.00752774
	1.15424	0.115424	8.84003	0.00766792
	1.16419	0.116419	8.83004	0.00780959
	1.17414	0.117414	8.82004	0.00795274
	1.18409	0.118409	8.81004	0.00809738
	1.19404	0.119404	8.80004	0.00824351
	1.204	0.1204	8.79004	0.00839115
	1.21395	0.121395	8.78004	0.00854029
	1.2239	0.12239	8.77004	0.00869094
	1.23385	0.123385	8.76004	0.00884311
	1.2438	0.12438	8.75004	0.00899681
	1.25375	0.125375	8.74005	0.00915204
	1.2637	0.12637	8.73005	0.0093088
	1.27365	0.127365	8.72005	0.00946711
	1.2836	0.12836	8.71005	0.00962697
	1.29355	0.129355	8.70005	0.00978838
	1.3035	0.13035	8.69005	0.00995136
	1.31345	0.131345	8.68005	0.0101159
	1.3234	0.13234	8.67005	0.010282
	1.33335	0.133335	8.66006	0.0104497
	1.3433	0.13433	8.65006	0.010619
	1.35325	0.135325	8.64006	0.0107899
	1.3632	0.13632	8.63006	0.0109624
	1.37315	0.137315	8.62006	0.0111365
	1.3831	0.13831	8.61006	0.0113122
	1.39305	0.139305	8.60007	0.0114895
	1.403	0.1403	8.59007	0.0116684
	1.41295	0.141295	8.58007	0.011849
	1.4229	0.14229	8.57007	0.0120312
	1.43285	0.143285	8.56007	0.0122151
	1.4428	0.14428	8.55007	0.0124006
	1.45275	0.145275	8.54008	0.0125878
	1.4627	0.14627	8.53008	0.0127767
	1.47266	0.147266	8.52008	0.0129672
	1.48261	0.148261	8.51008	0.0131594
	1.49256	0.149256	8.50008	0.0133533
	1.50251	0.150251	8.49008	0.0135489
	1.51246	0.151246	8.48009	0.0137462
	1.52241	0.152241	8.47009	0.0139452
	1.53236	0.153236	8.46009	0.0141459
	1.54231	0.154231	8.45009	0.0143484
	1.55226	0.155226	8.44009	0.0145526
	1.56221	0.156221	8.4301	0.0147585
	1.57216	0.157216	8.4201	0.0149662
	1.58211	0.158211	8.4101	0.0151757
	1.59206	0.159206	8.4001	0.0153869
	1.60201	0.160201	8.39011	0.0155998
	1.61196	0.161196	8.38011	0.0158146
	1.62191	0.162191	8.37011	0.0160311
	1.63186	0.163186	8.36011	0.0162495
	1.64181	0.164181	8.35012	0.0164696
	1.65176	0.165176	8.34012	0.0166915
	1.66171	0.166171	8.33012	0.0169153
	1.67166	0.167166	8.32012	0.0171409
	1.68161	0.168161	8.31013	0.0173683
	1.69156	0.169156	8.30013	0.0175976
	1.70151	0.170151	8.29013	0.0178287
	1.71146	0.171146	8.28013	0.0180617
	1.72141	0.172141	8.27014	0.0182966
	1.73136	0.173136	8.26014	0.0185333
	1.74132	0.174132	8.25014	0.018772
	1.75127	0.175127	8.24014	0.0190125
	1.76122	0.176122	8.23015	0.0192549
	1.77117	0.177117	8.22015	0.0194992
	1.78112	0.178112	8.21015	0.0197455
	1.79107	0.179107	8.20016	0.0199937
	1.80102	0.180102	8.19016	0.0202438
	1.81097	0.181097	8.18016	0.0204959
	1.82092	0.182092	8.17017	0.0207499
	1.83087	0.183087	8.16017	0.0210059
	1.84082	0.184082	8.15017	0.0212639
	1.85077	0.185077	8.14018	0.0215238
	1.86072	0.186072	8.13018	0.0217858
	1.87067	0.187067	8.12018	0.0220497
	1.88062	0.188062	8.11019	0.0223157
	1.89057	0.189057	8.10019	0.0225837
	1.90052	0.190052	8.09019	0.0228537
	1.91047	0.191047	8.0802	0.0231258
	1.92042	0.192042	8.0702	0.0233999
	1.93037	0.193037	8.06021	0.0236761
	1.94032	0.194032	8.05021	0.0239543
	1.95027	0.195027	8.04021	0.0242347
	1.96022	0.196022	8.03022	0.0245171
	1.97017	0.197017	8.02022	0.0248017
	1.98012	0.198012	8.01023	0.0250883
	1.99007	0.199007	8.00023	0.0253771
	2.00002	0.200002	7.99023	0.025668
	2.00998	0.200998	7.98024	0.025961
	2.01993	0.201993	7.97024	0.0262563
	2.02988	0.202988	7.96025	0.0265536
	2.03983	0.203983	7.95025	0.0268532
	2.04978	0.204978	7.94026	0.0271549
	2.05973	0.205973	7.93026	0.0274589
	2.06968	0.206968	7.92026	0.027765
	2.07963	0.207963	7.91027	0.0280734
	2.08958	0.208958	7.90027	0.028384
	2.09953	0.209953	7.89028	0.0286969
	2.10948	0.210948	7.88028	0.029012
	2.11943	0.211943	7.87029	0.0293294
	2.12938	0.212938	7.86029	0.029649
	2.13933	0.213933	7.8503	0.029971
	2.14928	0.214928	7.8403	0.0302952
	2.15923	0.215923	7.83031	0.0306218
	2.16918	0.216918	7.82032	0.0309507
	2.17913	0.217913	7.81032	0.031282
	2.18908	0.218908	7.80033	0.0316156
	2.19903	0.219903	7.79033	0.0319515
	2.20898	0.220898	7.78034	0.0322899
	2.21893	0.221893	7.77034	0.0326306
	2.22888	0.222888	7.76035	0.0329737
	2.23883	0.223883	7.75036	0.0333193
	2.24878	0.224878	7.74036	0.0336672
	2.25873	0.225873	7.73037	0.0340177
	2.26868	0.226868	7.72037	0.0343705
	2.27864	0.227864	7.71038	0.0347259
	2.28859	0.228859	7.70039	0.0350837
	2.29854	0.229854	7.69039	0.0354441
	2.30849	0.230849	7.6804	0.0358069
	2.31844	0.231844	7.67041	0.0361723
	2.32839	0.232839	7.66041	0.0365402
	2.33834	0.233834	7.65042	0.0369106
	2.34829	0.234829	7.64043	0.0372836
	2.35824	0.235824	7.63043	0.0376592
	2.36819	0.236819	7.62044	0.0380374
	2.37814	0.237814	7.61045	0.0384182
	2.38809	0.238809	7.60046	0.0388017
	2.39804	0.239804	7.59046	0.0391877
	2.40799	0.240799	7.58047	0.0395765
	2.41794	0.241794	7.57048	0.0399679
	2.42789	0.242789	7.56049	0.040362
	2.43784	0.243784	7.55049	0.0407588
	2.44779	0.244779	7.5405	0.0411583
	2.45774	0.245774	7.53051	0.0415605
	2.46769	0.246769	7.52052	0.0419655
	2.47764	0.247764	7.51053	0.0423733
	2.48759	0.248759	7.50054	0.0427838
	2.49754	0.249754	7.49054	0.0431971
	2.50749	0.250749	7.48055	0.0436133
	2.51744	0.251744	7.47056	0.0440323
	2.52739	0.252739	7.46057	0.0444541
	2.53734	0.253734	7.45058	0.0448788
	2.5473	0.25473	7.44059	0.0453064
	2.55725	0.255725	7.4306	0.0457369
	2.5672	0.25672	7.42061	0.0461703
	2.57715	0.257715	7.41062	0.0466067
	2.5871	0.25871	7.40063	0.047046
	2.59705	0.259705	7.39064	0.0474882
	2.607	0.2607	7.38065	0.0479335
	2.61695	0.261695	7.37066	0.0483818
	2.6269	0.26269	7.36067	0.0488331
	2.63685	0.263685	7.35068	0.0492875
	2.6468	0.26468	7.34069	0.0497449
	2.65675	0.265675	7.3307	0.0502054
	2.6667	0.26667	7.32071	0.050669
	2.67665	0.267665	7.31072	0.0511358
	2.6866	0.26866	7.30073	0.0516056
	2.69655	0.269655	7.29074	0.0520787
	2.7065	0.27065	7.28075	0.052555
	2.71645	0.271645	7.27076	0.0530344
	2.7264	0.27264	7.26078	0.0535171
	2.73635	0.273635	7.25079	0.054003
	2.7463	0.27463	7.2408	0.0544922
	2.75625	0.275625	7.23081	0.0549847
	2.7662	0.27662	7.22082	0.0554806
	2.77615	0.277615	7.21084	0.0559797
	2.7861	0.27861	7.20085	0.0564822
	2.79605	0.279605	7.19086	0.0569881
	2.806	0.2806	7.18088	0.0574974
	2.81596	0.281596	7.17089	0.0580102
	2.82591	0.282591	7.1609	0.0585263
	2.83586	0.283586	7.15092	0.059046
	2.84581	0.284581	7.14093	0.0595692
	2.85576	0.285576	7.13094	0.0600958
	2.86571	0.286571	7.12096	0.0606261
	2.87566	0.287566	7.11097	0.0611599
	2.88561	0.288561	7.10099	0.0616973
	2.89556	0.289556	7.091	0.0622383
	2.90551	0.290551	7.08102	0.062783
	2.91546	0.291546	7.07103	0.0633313
	2.92541	0.292541	7.06105	0.0638834
	2.93536	0.293536	7.05106	0.0644392
	2.94531	0.294531	7.04108	0.0649987
	2.95526	0.295526	7.03109	0.065562
	2.96521	0.296521	7.02111	0.0661292
	2.97516	0.297516	7.01112	0.0667001
	2.98511	0.298511	7.00114	0.067275
	2.99506	0.299506	6.99116	0.0678537
	3.00501	0.300501	6.98118	0.0684363
	3.01496	0.301496	6.97119	0.0690229
	3.02491	0.302491	6.96121	0.0696135
	3.03486	0.303486	6.95123	0.0702081
	3.04481	0.304481	6.94125	0.0708067
	3.05476	0.305476	6.93126	0.0714095
	3.06471	0.306471	6.92128	0.0720163
	3.07466	0.307466	6.9113	0.0726272
	3.08462	0.308462	6.90132	0.0732424
	3.09457	0.309457	6.89134	0.0738617
	3.10452	0.310452	6.88136	0.0744852
	3.11447	0.311447	6.87138	0.0751131
	3.12442	0.312442	6.8614	0.0757452
	3.13437	0.313437	6.85142	0.0763816
	3.14432	0.314432	6.84144	0.0770225
	3.15427	0.315427	6.83146	0.0776677
	3.16422	0.316422	6.82148	0.0783174
	3.17417	0.317417	6.8115	0.0789715
	3.18412	0.318412	6.80152	0.0796302
	3.19407	0.319407	6.79155	0.0802934
	3.20402	0.320402	6.78157	0.0809612
	3.21397	0.321397	6.77159	0.0816336
	3.22392	0.322392	6.76161	0.0823107
	3.23387	0.323387	6.75164	0.0829924
	3.24382	0.324382	6.74166	0.083679
	3.25377	0.325377	6.73168	0.0843703
	3.26372	0.326372	6.72171	0.0850664
	3.27367	0.327367	6.71173	0.0857674
	3.28362	0.328362	6.70176	0.0864733
	3.29357	0.329357	6.69178	0.0871841
	3.30352	0.330352	6.68181	0.0879
	3.31347	0.331347	6.67184	0.0886209
	3.32342	0.332342	6.66186	0.0893468
	3.33337	0.333337	6.65189	0.0900779
	3.34332	0.334332	6.64192	0.0908141
	3.35328	0.335328	6.63194	0.0915556
	3.36323	0.336323	6.62197	0.0923023
	3.37318	0.337318	6.612	0.0930544
	3.38313	0.338313	6.60203	0.0938117
	3.39308	0.339308	6.59206	0.0945746
	3.40303	0.340303	6.58209	0.0953428
	3.41298	0.341298	6.57212	0.0961166
	3.42293	0.342293	6.56215	0.0968959
	3.43288	0.343288	6.55218	0.0976809
	3.44283	0.344283	6.54221	0.0984715
	3.45278	0.345278	6.53224	0.0992678
	3.46273	0.346273	6.52227	0.10007
	3.47268	0.347268	6.51231	0.100878
	3.48263	0.348263	6.50234	0.101692
	3.49258	0.349258	6.49237	0.102511
	3.50253	0.350253	6.48241	0.103337
	3.51248	0.351248	6.47244	0.104169
	3.52243	0.352243	6.46248	0.105007
	3.53238	0.353238	6.45251	0.105851
	3.54233	0.354233	6.44255	0.106702
	3.55228	0.355228	6.43259	0.107558
	3.56223	0.356223	6.42262	0.108421
	3.57218	0.357218	6.41266	0.109291
	3.58213	0.358213	6.4027	0.110167
	3.59208	0.359208	6.39274	0.11105
	3.60203	0.360203	6.38278	0.111939
	3.61199	0.361199	6.37282	0.112835
	3.62194	0.362194	6.36286	0.113738
	3.63189	0.363189	6.3529	0.114647
	3.64184	0.364184	6.34294	0.115564
	3.65179	0.365179	6.33299	0.116487
	3.66174	0.366174	6.32303	0.117418
	3.67169	0.367169	6.31307	0.118356
	3.68164	0.368164	6.30312	0.119301
	3.69159	0.369159	6.29316	0.120253
	3.70154	0.370154	6.28321	0.121213
	3.71149	0.371149	6.27326	0.12218
	3.72144	0.372144	6.2633	0.123155
	3.73139	0.373139	6.25335	0.124138
	3.74134	0.374134	6.2434	0.125128
	3.75129	0.375129	6.23345	0.126126
	3.76124	0.376124	6.2235	0.127132
	3.77119	0.377119	6.21355	0.128147
	3.78114	0.378114	6.20361	0.129169
	3.79109	0.379109	6.19366	0.130199
	3.80104	0.380104	6.18371	0.131238
	3.81099	0.381099	6.17377	0.132285
	3.82094	0.382094	6.16382	0.133341
	3.83089	0.383089	6.15388	0.134406
	3.84084	0.384084	6.14394	0.135479
	3.85079	0.385079	6.134	0.136561
	3.86074	0.386074	6.12406	0.137652
	3.87069	0.387069	6.11412	0.138752
	3.88065	0.388065	6.10418	0.139862
	3.8906	0.38906	6.09424	0.14098
	3.90055	0.390055	6.08431	0.142108
	3.9105	0.39105	6.07437	0.143246
	3.92045	0.392045	6.06444	0.144394
	3.9304	0.39304	6.0545	0.145551
	3.94035	0.394035	6.04457	0.146718
	3.9503	0.39503	6.03464	0.147896
	3.96025	0.396025	6.02471	0.149083
	3.9702	0.39702	6.01478	0.150281
	3.98015	0.398015	6.00486	0.15149
	3.9901	0.39901	5.99493	0.152709
	4.00005	0.400005	5.98501	0.15394
	4.01	0.401	5.97509	0.155181
	4.01995	0.401995	5.96516	0.156433
	4.0299	0.40299	5.95524	0.157697
	4.03985	0.403985	5.94533	0.158973
	4.0498	0.40498	5.93541	0.16026
	4.05975	0.405975	5.92549	0.161559
	4.0697	0.40697	5.91558	0.16287
	4.07965	0.407965	5.90567	0.164193
	4.0896	0.40896	5.89576	0.165529
	4.09955	0.409955	5.88585	0.166877
	4.1095	0.41095	5.87594	0.168238
	4.11945	0.411945	5.86604	0.169612
	4.1294	0.41294	5.85613	0.171
	4.13935	0.413935	5.84623	0.172401
	4.14931	0.414931	5.83633	0.173816
	4.15926	0.415926	5.82644	0.175245
	4.16921	0.416921	5.81654	0.176688
	4.17916	0.417916	5.80665	0.178145
	4.18911	0.418911	5.79676	0.179618
	4.19906	0.419906	5.78687	0.181105
	4.20901	0.420901	5.77698	0.182607
	4.21896	0.421896	5.7671	0.184125
	4.22891	0.422891	5.75722	0.185659
	4.23886	0.423886	5.74734	0.187209
	4.24881	0.424881	5.73746	0.188776
	4.25876	0.425876	5.72759	0.190359
	4.26871	0.426871	5.71771	0.191959
	4.27866	0.427866	5.70785	0.193577
	4.28861	0.428861	5.69798	0.195212
	4.29856	0.429856	5.68812	0.196866
	4.30851	0.430851	5.67826	0.198538
	4.31846	0.431846	5.6684	0.200229
	4.32841	0.432841	5.65855	0.20194
	4.33836	0.433836	5.6487	0.20367
	4.34831	0.434831	5.63886	0.20542
	4.35826	0.435826	5.62901	0.207191
	4.36821	0.436821	5.61918	0.208982
	4.37816	0.437816	5.60934	0.210796
	4.38811	0.438811	5.59951	0.212631
	4.39806	0.439806	5.58969	0.214489
	4.40801	0.440801	5.57986	0.21637
	4.41797	0.441797	5.57005	0.218275
	4.42792	0.442792	5.56024	0.220204
	4.43787	0.443787	5.55043	0.222157
	4.44782	0.444782	5.54063	0.224136
	4.45777	0.445777	5.53083	0.226142
	4.46772	0.446772	5.52104	0.228174
	4.47767	0.447767	5.51125	0.230233
	4.48762	0.448762	5.50147	0.232321
	4.49757	0.449757	5.4917	0.234438
	4.50752	0.450752	5.48193	0.236585
	4.51747	0.451747	5.47217	0.238762
	4.52742	0.452742	5.46242	0.240971
	4.53737	0.453737	5.45267	0.243212
	4.54732	0.454732	5.44294	0.245487
	4.55727	0.455727	5.43321	0.247797
	4.56722	0.456722	5.42348	0.250142
	4.57717	0.457717	5.41377	0.252524
	4.58712	0.458712	5.40407	0.254945
	4.59707	0.459707	5.39438	0.257404
	4.60702	0.460702	5.38469	0.259904
	4.61697	0.461697	5.37502	0.262446
	4.62692	0.462692	5.36536	0.265032
	4.63687	0.463687	5.35572	0.267663
	4.64682	0.464682	5.34608	0.27034
	4.65677	0.465677	5.33646	0.273067
	4.66672	0.466672	5.32685	0.275844
	4.67667	0.467667	5.31726	0.278674
	4.68663	0.468663	5.30769	0.281558
	4.69658	0.469658	5.29813	0.2845
	4.70653	0.470653	5.28859	0.287502
	4.71648	0.471648	5.27907	0.290565
	4.72643	0.472643	5.26957	0.293695
	4.73638	0.473638	5.2601	0.296892
	4.74633	0.474633	5.25065	0.300162
	4.75628	0.475628	5.24122	0.303507
	4.76623	0.476623	5.23183	0.306931
	4.77618	0.477618	5.22246	0.310439
	4.78613	0.478613	5.21313	0.314035
	4.79608	0.479608	5.20384	0.317725
	4.80603	0.480603	5.19458	0.321514
	4.81598	0.481598	5.18537	0.325409
	4.82593	0.482593	5.17621	0.329415
	4.83588	0.483588	5.1671	0.333542
	4.84583	0.484583	5.15805	0.337796
	4.85578	0.485578	5.14907	0.342188
	4.86573	0.486573	5.14016	0.346729
	4.87568	0.487568	5.13133	0.351429
	4.88563	0.488563	5.1226	0.356303
	4.89558	0.489558	5.11398	0.361365
	4.90553	0.490553	5.10548	0.366633
	4.91548	0.491548	5.09712	0.372127
	4.92543	0.492543	5.08893	0.377869
	4.93538	0.493538	5.08095	0.383886
	4.94533	0.494533	5.0732	0.390208
	4.95529	0.495529	5.06574	0.396869
	4.96524	0.496524	5.05864	0.40391
	4.97519	0.497519	5.05198	0.411374
	4.98514	0.498514	5.0459	0.419309
	4.99509	0.499509	5.04055	0.427756
	5.00504	0.500504	5.03616	0.436743
	5.01499	0.501499	5.03305	0.446247
	5.02494	0.502494	5.03162	0.456145
	5.03489	0.503489	5.03231	0.466121
	5.04484	0.504484	5.03542	0.475627
	5.05479	0.505479	5.04086	0.484016
	5.06474	0.506474	5.04814	0.490867
	5.07469	0.507469	5.05662	0.496169
	5.08464	0.508464	5.06578	0.500188
	5.09459	0.509459	5.0753	0.503251
	5.10454	0.510454	5.08501	0.505643
	5.11449	0.511449	5.09482	0.507575
	5.12444	0.512444	5.10469	0.509197
	5.13439	0.513439	5.11459	0.510611
	5.14434	0.514434	5.12451	0.511885
	5.15429	0.515429	5.13444	0.513067
	5.16424	0.516424	5.14437	0.514186
	5.17419	0.517419	5.15431	0.515264
	5.18414	0.518414	5.16426	0.516314
	5.19409	0.519409	5.17421	0.517346
	5.20404	0.520404	5.18415	0.518366
	5.21399	0.521399	5.1941	0.519377
	5.22395	0.522395	5.20405	0.520383
	5.2339	0.52339	5.214	0.521385
	5.24385	0.524385	5.22395	0.522385
	5.2538	0.52538	5.2339	0.523384
	5.26375	0.526375	5.24385	0.524381
	5.2737	0.52737	5.2538	0.525377
	5.28365	0.528365	5.26375	0.526373
	5.2936	0.52936	5.2737	0.527369
	5.30355	0.530355	5.28365	0.528364
	5.3135	0.53135	5.2936	0.52936
	5.32345	0.532345	5.30355	0.530355
	5.3334	0.53334	5.3135	0.53135
	5.34335	0.534335	5.32345	0.532345
	5.3533	0.53533	5.3334	0.53334
	5.36325	0.536325	5.34336	0.534335
	5.3732	0.53732	5.35331	0.53533
	5.38315	0.538315	5.36326	0.536326
	5.3931	0.53931	5.37321	0.537321
	5.40305	0.540305	5.38316	0.538316
	5.413	0.5413	5.39311	0.539311
	5.42295	0.542295	5.40306	0.540306
	5.4329	0.54329	5.41301	0.541301
	5.44285	0.544285	5.42296	0.542296
	5.4528	0.54528	5.43291	0.543291
	5.46275	0.546275	5.44286	0.544286
	5.4727	0.54727	5.45281	0.545281
	5.48265	0.548265	5.46276	0.546276
	5.49261	0.549261	5.47271	0.547271
	5.50256	0.550256	5.48266	0.548266
	5.51251	0.551251	5.49261	0.549261
	5.52246	0.552246	5.50256	0.550256
	5.53241	0.553241	5.51251	0.551251
	5.54236	0.554236	5.52246	0.552246
	5.55231	0.555231	5.53241	0.553241
	5.56226	0.556226	5.54236	0.554236
	5.57221	0.557221	5.55231	0.555231
	5.58216	0.558216	5.56226	0.556226
	5.59211	0.559211	5.57221	0.557221
	5.60206	0.560206	5.58216	0.558216
	5.61201	0.561201	5.59211	0.559211
	5.62196	0.562196	5.60206	0.560206
	5.63191	0.563191	5.61202	0.561202
	5.64186	0.564186	5.62197	0.562197
	5.65181	0.565181	5.63192	0.563192
	5.66176	0.566176	5.64187	0.564187
	5.67171	0.567171	5.65182	0.565182
	5.68166	0.568166	5.66177	0.566177
	5.69161	0.569161	5.67172	0.567172
	5.70156	0.570156	5.68167	0.568167
	5.71151	0.571151	5.69162	0.569162
	5.72146	0.572146	5.70157	0.570157
	5.73141	0.573141	5.71152	0.571152
	5.74136	0.574136	5.72147	0.572147
	5.75131	0.575131	5.73142	0.573142
	5.76127	0.576127	5.74137	0.574137
	5.77122	0.577122	5.75132	0.575132
	5.78117	0.578117	5.76127	0.576127
	5.79112	0.579112	5.77122	0.577122
	5.80107	0.580107	5.78117	0.578117
	5.81102	0.581102	5.79112	0.579112
	5.82097	0.582097	5.80107	0.580107
	5.83092	0.583092	5.81102	0.581102
	5.84087	0.584087	5.82097	0.582097
	5.85082	0.585082	5.83092	0.583092
	5.86077	0.586077	5.84087	0.584087
	5.87072	0.587072	5.85082	0.585082
	5.88067	0.588067	5.86077	0.586077
	5.89062	0.589062	5.87072	0.587072
	5.90057	0.590057	5.88068	0.588068
	5.91052	0.591052	5.89063	0.589063
	5.92047	0.592047	5.90058	0.590058
	5.93042	0.593042	5.91053	0.591053
	5.94037	0.594037	5.92048	0.592048
	5.95032	0.595032	5.93043	0.593043
	5.96027	0.596027	5.94038	0.594038
	5.97022	0.597022	5.95033	0.595033
	5.98017	0.598017	5.96028	0.596028
	5.99012	0.599012	5.97023	0.597023
	6.00007	0.600007	5.98018	0.598018
	6.01002	0.601002	5.99013	0.599013
	6.01998	0.601998	6.00008	0.600008
	6.02993	0.602993	6.01003	0.601003
	6.03988	0.603988	6.01998	0.601998
	6.04983	0.604983	6.02993	0.602993
	6.05978	0.605978	6.03988	0.603988
	6.06973	0.606973	6.04983	0.604983
	6.07968	0.607968	6.05978	0.605978
	6.08963	0.608963	6.06973	0.606973
	6.09958	0.609958	6.07968	0.607968
	6.10953	0.610953	6.08963	0.608963
	6.11948	0.611948	6.09958	0.609958
	6.12943	0.612943	6.10953	0.610953
	6.13938	0.613938	6.11948	0.611948
	6.14933	0.614933	6.12943	0.612943
	6.15928	0.615928	6.13938	0.613938
	6.16923	0.616923	6.14934	0.614934
	6.17918	0.617918	6.15929	0.615929
	6.18913	0.618913	6.16924	0.616924
	6.19908	0.619908	6.17919	0.617919
	6.20903	0.620903	6.18914	0.618914
	6.21898	0.621898	6.19909	0.619909
	6.22893	0.622893	6.20904	0.620904
	6.23888	0.623888	6.21899	0.621899
	6.24883	0.624883	6.22894	0.622894
	6.25878	0.625878	6.23889	0.623889
	6.26873	0.626873	6.24884	0.624884
	6.27868	0.627868	6.25879	0.625879
	6.28864	0.628864	6.26874	0.626874
	6.29859	0.629859	6.27869	0.627869
	6.30854	0.630854	6.28864	0.628864
	6.31849	0.631849	6.29859	0.629859
	6.32844	0.632844	6.30854	0.630854
	6.33839	0.633839	6.31849	0.631849
	6.34834	0.634834	6.32844	0.632844
	6.35829	0.635829	6.33839	0.633839
	6.36824	0.636824	6.34834	0.634834
	6.37819	0.637819	6.35829	0.635829
	6.38814	0.638814	6.36824	0.636824
	6.39809	0.639809	6.37819	0.637819
	6.40804	0.640804	6.38814	0.638814
	6.41799	0.641799	6.39809	0.639809
	6.42794	0.642794	6.40804	0.640804
	6.43789	0.643789	6.418	0.6418
	6.44784	0.644784	6.42795	0.642795
	6.45779	0.645779	6.4379	0.64379
	6.46774	0.646774	6.44785	0.644785
	6.47769	0.647769	6.4578	0.64578
	6.48764	0.648764	6.46775	0.646775
	6.49759	0.649759	6.4777	0.64777
	6.50754	0.650754	6.48765	0.648765
	6.51749	0.651749	6.4976	0.64976
	6.52744	0.652744	6.50755	0.650755
	6.53739	0.653739	6.5175	0.65175
	6.54734	0.654734	6.52745	0.652745
	6.5573	0.65573	6.5374	0.65374
	6.56725	0.656725	6.54735	0.654735
	6.5772	0.65772	6.5573	0.65573
	6.58715	0.658715	6.56725	0.656725
	6.5971	0.65971	6.5772	0.65772
	6.60705	0.660705	6.58715	0.658715
	6.617	0.6617	6.5971	0.65971
	6.62695	0.662695	6.60705	0.660705
	6.6369	0.66369	6.617	0.6617
	6.64685	0.664685	6.62695	0.662695
	6.6568	0.66568	6.6369	0.66369
	6.66675	0.666675	6.64685	0.664685
	6.6767	0.66767	6.6568	0.66568
	6.68665	0.668665	6.66675	0.666675
	6.6966	0.66966	6.6767	0.66767
	6.70655	0.670655	6.68666	0.668666
	6.7165	0.67165	6.69661	0.669661
	6.72645	0.672645	6.70656	0.670656
	6.7364	0.67364	6.71651	0.671651
	6.74635	0.674635	6.72646	0.672646
	6.7563	0.67563	6.73641	0.673641
	6.76625	0.676625	6.74636	0.674636
	6.7762	0.67762	6.75631	0.675631
	6.78615	0.678615	6.76626	0.676626
	6.7961	0.67961	6.77621	0.677621
	6.80605	0.680605	6.78616	0.678616
	6.816	0.6816	6.79611	0.679611
	6.82596	0.682596	6.80606	0.680606
	6.83591	0.683591	6.81601	0.681601
	6.84586	0.684586	6.82596	0.682596
	6.85581	0.685581	6.83591	0.683591
	6.86576	0.686576	6.84586	0.684586
	6.87571	0.687571	6.85581	0.685581
	6.88566	0.688566	6.86576	0.686576
	6.89561	0.689561	6.87571	0.687571
	6.90556	0.690556	6.88566	0.688566
	6.91551	0.691551	6.89561	0.689561
	6.92546	0.692546	6.90556	0.690556
	6.93541	0.693541	6.91551	0.691551
	6.94536	0.694536	6.92546	0.692546
	6.95531	0.695531	6.93541	0.693541
	6.96526	0.696526	6.94536	0.694536
	6.97521	0.697521	6.95532	0.695532
	6.98516	0.698516	6.96527	0.696527
	6.99511	0.699511	6.97522	0.697522
	7.00506	0.700506	6.98517	0.698517
	7.01501	0.701501	6.99512	0.699512
	7.02496	0.702496	7.00507	0.700507
	7.03491	0.703491	7.01502	0.701502
	7.04486	0.704486	7.02497	0.702497
	7.05481	0.705481	7.03492	0.703492
	7.06476	0.706476	7.04487	0.704487
	7.07471	0.707471	7.05482	0.705482
	7.08466	0.708466	7.06477	0.706477
	7.09462	0.709462	7.07472	0.707472
	7.10457	0.710457	7.08467	0.708467
	7.11452	0.711452	7.09462	0.709462
	7.12447	0.712447	7.10457	0.710457
	7.13442	0.713442	7.11452	0.711452
	7.14437	0.714437	7.12447	0.712447
	7.15432	0.715432	7.13442	0.713442
	7.16427	0.716427	7.14437	0.714437
	7.17422	0.717422	7.15432	0.715432
	7.18417	0.718417	7.16427	0.716427
	7.19412	0.719412	7.17422	0.717422
	7.20407	0.720407	7.18417	0.718417
	7.21402	0.721402	7.19412	0.719412
	7.22397	0.722397	7.20407	0.720407
	7.23392	0.723392	7.21402	0.721402
	7.24387	0.724387	7.22398	0.722398
	7.25382	0.725382	7.23393	0.723393
	7.26377	0.726377	7.24388	0.724388
	7.27372	0.727372	7.25383	0.725383
	7.28367	0.728367	7.26378	0.726378
	7.29362	0.729362	7.27373	0.727373
	7.30357	0.730357	7.28368	0.728368
	7.31352	0.731352	7.29363	0.729363
	7.32347	0.732347	7.30358	0.730358
	7.33342	0.733342	7.31353	0.731353
	7.34337	0.734337	7.32348	0.732348
	7.35332	0.735332	7.33343	0.733343
	7.36328	0.736328	7.34338	0.734338
	7.37323	0.737323	7.35333	0.735333
	7.38318	0.738318	7.36328	0.736328
	7.39313	0.739313	7.37323	0.737323
	7.40308	0.740308	7.38318	0.738318
	7.41303	0.741303	7.39313	0.739313
	7.42298	0.742298	7.40308	0.740308
	7.43293	0.743293	7.41303	0.741303
	7.44288	0.744288	7.42298	0.742298
	7.45283	0.745283	7.43293	0.743293
	7.46278	0.746278	7.44288	0.744288
	7.47273	0.747273	7.45283	0.745283
	7.48268	0.748268	7.46278	0.746278
	7.49263	0.749263	7.47273	0.747273
	7.50258	0.750258	7.48269	0.748269
	7.51253	0.751253	7.49264	0.749264
	7.52248	0.752248	7.50259	0.750259
	7.53243	0.753243	7.51254	0.751254
	7.54238	0.754238	7.52249	0.752249
	7.55233	0.755233	7.53244	0.753244
	7.56228	0.756228	7.54239	0.754239
	7.57223	0.757223	7.55234	0.755234
	7.58218	0.758218	7.56229	0.756229
	7.59213	0.759213	7.57224	0.757224
	7.60208	0.760208	7.58219	0.758219
	7.61203	0.761203	7.59214	0.759214
	7.62198	0.762198	7.60209	0.760209
	7.63194	0.763194	7.61204	0.761204
	7.64189	0.764189	7.62199	0.762199
	7.65184	0.765184	7.63194	0.763194
	7.66179	0.766179	7.64189	0.764189
	7.67174	0.767174	7.65184	0.765184
	7.68169	0.768169	7.66179	0.766179
	7.69164	0.769164	7.67174	0.767174
	7.70159	0.770159	7.68169	0.768169
	7.71154	0.771154	7.69164	0.769164
	7.72149	0.772149	7.70159	0.770159
	7.73144	0.773144	7.71154	0.771154
	7.74139	0.774139	7.72149	0.772149
	7.75134	0.775134	7.73144	0.773144
	7.76129	0.776129	7.74139	0.774139
	7.77124	0.777124	7.75135	0.775135
	7.78119	0.778119	7.7613	0.77613
	7.79114	0.779114	7.77125	0.777125
	7.80109	0.780109	7.7812	0.77812
	7.81104	0.781104	7.79115	0.779115
	7.82099	0.782099	7.8011	0.78011
	7.83094	0.783094	7.81105	0.781105
	7.84089	0.784089	7.821	0.7821
	7.85084	0.785084	7.83095	0.783095
	7.86079	0.786079	7.8409	0.78409
	7.87074	0.787074	7.85085	0.785085
	7.88069	0.788069	7.8608	0.78608
	7.89064	0.789064	7.87075	0.787075
	7.9006	0.79006	7.8807	0.78807
	7.91055	0.791055	7.89065	0.789065
	7.9205	0.79205	7.9006	0.79006
	7.93045	0.793045	7.91055	0.791055
	7.9404	0.79404	7.9205	0.79205
	7.95035	0.795035	7.93045	0.793045
	7.9603	0.79603	7.9404	0.79404
	7.97025	0.797025	7.95035	0.795035
	7.9802	0.79802	7.9603	0.79603
	7.99015	0.799015	7.97025	0.797025
	8.0001	0.80001	7.9802	0.79802
	8.01005	0.801005	7.99015	0.799015
	8.02	0.802	8.0001	0.80001
	8.02995	0.802995	8.01005	0.801005
	8.0399	0.80399	8.02001	0.802001
	8.04985	0.804985	8.02996	0.802996
	8.0598	0.80598	8.03991	0.803991
	8.06975	0.806975	8.04986	0.804986
	8.0797	0.80797	8.05981	0.805981
	8.08965	0.808965	8.06976	0.806976
	8.0996	0.80996	8.07971	0.807971
	8.10955	0.810955	8.08966	0.808966
	8.1195	0.81195	8.09961	0.809961
	8.12945	0.812945	8.10956	0.810956
	8.1394	0.81394	8.11951	0.811951
	8.14935	0.814935	8.12946	0.812946
	8.1593	0.81593	8.13941	0.813941
	8.16926	0.816926	8.14936	0.814936
	8.17921	0.817921	8.15931	0.815931
	8.18916	0.818916	8.16926	0.816926
	8.19911	0.819911	8.17921	0.817921
	8.20906	0.820906	8.18916	0.818916
	8.21901	0.821901	8.19911	0.819911
	8.22896	0.822896	8.20906	0.820906
	8.23891	0.823891	8.21901	0.821901
	8.24886	0.824886	8.22896	0.822896
	8.25881	0.825881	8.23891	0.823891
	8.26876	0.826876	8.24886	0.824886
	8.27871	0.827871	8.25881	0.825881
	8.28866	0.828866	8.26876	0.826876
	8.29861	0.829861	8.27871	0.827871
	8.30856	0.830856	8.28867	0.828867
	8.31851	0.831851	8.29862	0.829862
	8.32846	0.832846	8.30857	0.830857
	8.33841	0.833841	8.31852	0.831852
	8.34836	0.834836	8.32847	0.832847
	8.35831	0.835831	8.33842	0.833842
	8.36826	0.836826	8.34837	0.834837
	8.37821	0.837821	8.35832	0.835832
	8.38816	0.838816	8.36827	0.836827
	8.39811	0.839811	8.37822	0.837822
	8.40806	0.840806	8.38817	0.838817
	8.41801	0.841801	8.39812	0.839812
	8.42797	0.842797	8.40807	0.840807
	8.43792	0.843792	8.41802	0.841802
	8.44787	0.844787	8.42797	0.842797
	8.45782	0.845782	8.43792	0.843792
	8.46777	0.846777	8.44787	0.844787
	8.47772	0.847772	8.45782	0.845782
	8.48767	0.848767	8.46777	0.846777
	8.49762	0.849762	8.47772	0.847772
	8.50757	0.850757	8.48767	0.848767
	8.51752	0.851752	8.49762	0.849762
	8.52747	0.852747	8.50757	0.850757
	8.53742	0.853742	8.51752	0.851752
	8.54737	0.854737	8.52747	0.852747
	8.55732	0.855732	8.53742	0.853742
	8.56727	0.856727	8.54737	0.854737
	8.57722	0.857722	8.55733	0.855733
	8.58717	0.858717	8.56728	0.856728
	8.59712	0.859712	8.57723	0.857723
	8.60707	0.860707	8.58718	0.858718
	8.61702	0.861702	8.59713	0.859713
	8.62697	0.862697	8.60708	0.860708
	8.63692	0.863692	8.61703	0.861703
	8.64687	0.864687	8.62698	0.862698
	8.65682	0.865682	8.63693	0.863693
	8.66677	0.866677	8.64688	0.864688
	8.67672	0.867672	8.65683	0.865683
	8.68667	0.868667	8.66678	0.866678
	8.69663	0.869663	8.67673	0.867673
	8.70658	0.870658	8.68668	0.868668
	8.71653	0.871653	8.69663	0.869663
	8.72648	0.872648	8.70658	0.870658
	8.73643	0.873643	8.71653	0.871653
	8.74638	0.874638	8.72648	0.872648
	8.75633	0.875633	8.73643	0.873643
	8.76628	0.876628	8.74638	0.874638
	8.77623	0.877623	8.75633	0.875633
	8.78618	0.878618	8.76628	0.876628
	8.79613	0.879613	8.77623	0.877623
	8.80608	0.880608	8.78618	0.878618
	8.81603	0.881603	8.79613	0.879613
	8.82598	0.882598	8.80608	0.880608
	8.83593	0.883593	8.81603	0.881603
	8.84588	0.884588	8.82599	0.882599
	8.85583	0.885583	8.83594	0.883594
	8.86578	0.886578	8.84589	0.884589
	8.87573	0.887573	8.85584	0.885584
	8.88568	0.888568	8.86579	0.886579
	8.89563	0.889563	8.87574	0.887574
	8.90558	0.890558	8.88569	0.888569
	8.91553	0.891553	8.89564	0.889564
	8.92548	0.892548	8.90559	0.890559
	8.93543	0.893543	8.91554	0.891554
	8.94538	0.894538	8.92549	0.892549
	8.95533	0.895533	8.93544	0.893544
	8.96529	0.896529	8.94539	0.894539
	8.97524	0.897524	8.95534	0.895534
	8.98519	0.898519	8.96529	0.896529
	8.99514	0.899514	8.97524	0.897524
	9.00509	0.900509	8.98519	0.898519
	9.01504	0.901504	8.99514	0.899514
	9.02499	0.902499	9.00509	0.900509
	9.03494	0.903494	9.01504	0.901504
	9.04489	0.904489	9.02499	0.902499
	9.05484	0.905484	9.03494	0.903494
	9.06479	0.906479	9.04489	0.904489
	9.07474	0.907474	9.05484	0.905484
	9.08469	0.908469	9.06479	0.906479
	9.09464	0.909464	9.07474	0.907474
	9.10459	0.910459	9.08469	0.908469
	9.11454	0.911454	9.09465	0.909465
	9.12449	0.912449	9.1046	0.91046
	9.13444	0.913444	9.11455	0.911455
	9.14439	0.914439	9.1245	0.91245
	9.15434	0.915434	9.13445	0.913445
	9.16429	0.916429	9.1444	0.91444
	9.17424	0.917424	9.15435	0.915435
	9.18419	0.918419	9.1643	0.91643
	9.19414	0.919414	9.17425	0.917425
	9.20409	0.920409	9.1842	0.91842
	9.21404	0.921404	9.19415	0.919415
	9.22399	0.922399	9.2041	0.92041
	9.23395	0.923395	9.21405	0.921405
	9.2439	0.92439	9.224	0.9224
	9.25385	0.925385	9.23395	0.923395
	9.2638	0.92638	9.2439	0.92439
	9.27375	0.927375	9.25385	0.925385
	9.2837	0.92837	9.2638	0.92638
	9.29365	0.929365	9.27375	0.927375
	9.3036	0.93036	9.2837	0.92837
	9.31355	0.931355	9.29365	0.929365
	9.3235	0.93235	9.3036	0.93036
	9.33345	0.933345	9.31355	0.931355
	9.3434	0.93434	9.3235	0.93235
	9.35335	0.935335	9.33345	0.933345
	9.3633	0.93633	9.3434	0.93434
	9.37325	0.937325	9.35335	0.935335
	9.3832	0.93832	9.36331	0.936331
	9.39315	0.939315	9.37326	0.937326
	9.4031	0.94031	9.38321	0.938321
	9.41305	0.941305	9.39316	0.939316
	9.423	0.9423	9.40311	0.940311
	9.43295	0.943295	9.41306	0.941306
	9.4429	0.94429	9.42301	0.942301
	9.45285	0.945285	9.43296	0.943296
	9.4628	0.94628	9.44291	0.944291
	9.47275	0.947275	9.45286	0.945286
	9.4827	0.94827	9.46281	0.946281
	9.49265	0.949265	9.47276	0.947276
	9.50261	0.950261	9.48271	0.948271
	9.51256	0.951256	9.49266	0.949266
	9.52251	0.952251	9.50261	0.950261
	9.53246	0.953246	9.51256	0.951256
	9.54241	0.954241	9.52251	0.952251
	9.55236	0.955236	9.53246	0.953246
	9.56231	0.956231	9.54241	0.954241
	9.57226	0.957226	9.55236	0.955236
	9.58221	0.958221	9.56231	0.956231
	9.59216	0.959216	9.57226	0.957226
	9.60211	0.960211	9.58221	0.958221
	9.61206	0.961206	9.59216	0.959216
	9.62201	0.962201	9.60211	0.960211
	9.63196	0.963196	9.61206	0.961206
	9.64191	0.964191	9.62201	0.962201
	9.65186	0.965186	9.63197	0.963197
	9.66181	0.966181	9.64192	0.964192
	9.67176	0.967176	9.65187	0.965187
	9.68171	0.968171	9.66182	0.966182
	9.69166	0.969166	9.67177	0.967177
	9.70161	0.970161	9.68172	0.968172
	9.71156	0.971156	9.69167	0.969167
	9.72151	0.972151	9.70162	0.970162
	9.73146	0.973146	9.71157	0.971157
	9.74141	0.974141	9.72152	0.972152
	9.75136	0.975136	9.73147	0.973147
	9.76131	0.976131	9.74142	0.974142
	9.77127	0.977127	9.75137	0.975137
	9.78122	0.978122	9.76132	0.976132
	9.79117	0.979117	9.77127	0.977127
	9.80112	0.980112	9.78122	0.978122
	9.81107	0.981107	9.79117	0.979117
	9.82102	0.982102	9.80112	0.980112
	9.83097	0.983097	9.81107	0.981107
	9.84092	0.984092	9.82102	0.982102
	9.85087	0.985087	9.83097	0.983097
	9.86082	0.986082	9.84092	0.984092
	9.87077	0.987077	9.85087	0.985087
	9.88072	0.988072	9.86082	0.986082
	9.89067	0.989067	9.87077	0.987077
	9.90062	0.990062	9.88072	0.988072
	9.91057	0.991057	9.89068	0.989068
	9.92052	0.992052	9.90063	0.990063
	9.93047	0.993047	9.91058	0.991058
	9.94042	0.994042	9.92053	0.992053
	9.95037	0.995037	9.93048	0.993048
	9.96032	0.996032	9.94043	0.994043
	9.97027	0.997027	9.95038	0.995038
	9.98022	0.998022	9.96033	0.996033
	9.99017	0.999017	9.97028	0.997028
	10.0001	1.00001	9.98023	0.998023
	10.0101	1.00101	9.99018	0.999018
	10.02	1.002	10.0001	1.00001
	10.03	1.003	10.0101	1.00101
	10.0399	1.00399	10.02	1.002
	10.0499	1.00499	10.03	1.003
	10.0598	1.00598	10.0399	1.00399
	10.0698	1.00698	10.0499	1.00499
	10.0797	1.00797	10.0598	1.00598
	10.0897	1.00897	10.0698	1.00698
	10.0996	1.00996	10.0797	1.00797
	10.1096	1.01096	10.0897	1.00897
	10.1195	1.01195	10.0996	1.00996
	10.1295	1.01295	10.1096	1.01096
	10.1394	1.01394	10.1195	1.01195
	10.1494	1.01494	10.1295	1.01295
	10.1593	1.01593	10.1394	1.01394
	10.1693	1.01693	10.1494	1.01494
	10.1792	1.01792	10.1593	1.01593
	10.1892	1.01892	10.1693	1.01693
	10.1991	1.01991	10.1792	1.01792
	10.2091	1.02091	10.1892	1.01892
	10.219	1.0219	10.1991	1.01991
	10.229	1.0229	10.2091	1.02091
	10.2389	1.02389	10.219	1.0219
	10.2489	1.02489	10.229	1.0229
	10.2588	1.02588	10.2389	1.02389
	10.2688	1.02688	10.2489	1.02489
	10.2787	1.02787	10.2588	1.02588
	10.2887	1.02887	10.2688	1.02688
	10.2986	1.02986	10.2787	1.02787
	10.3086	1.03086	10.2887	1.02887
	10.3185	1.03185	10.2986	1.02986
	10.3285	1.03285	10.3086	1.03086
	10.3384	1.03384	10.3185	1.03185
	10.3484	1.03484	10.3285	1.03285
	10.3583	1.03583	10.3384	1.03384
	10.3683	1.03683	10.3484	1.03484
	10.3782	1.03782	10.3583	1.03583
	10.3882	1.03882	10.3683	1.03683
	10.3981	1.03981	10.3782	1.03782
	10.4081	1.04081	10.3882	1.03882
	10.418	1.0418	10.3981	1.03981
	10.428	1.0428	10.4081	1.04081
	10.4379	1.04379	10.418	1.0418
	10.4479	1.04479	10.428	1.0428
	10.4578	1.04578	10.4379	1.04379
	10.4678	1.04678	10.4479	1.04479
	10.4777	1.04777	10.4578	1.04578
	10.4877	1.04877	10.4678	1.04678
	10.4976	1.04976	10.4777	1.04777
	10.5076	1.05076	10.4877	1.04877
	10.5175	1.05175	10.4976	1.04976
	10.5275	1.05275	10.5076	1.05076
	10.5374	1.05374	10.5175	1.05175
	10.5474	1.05474	10.5275	1.05275
	10.5573	1.05573	10.5374	1.05374
	10.5673	1.05673	10.5474	1.05474
	10.5772	1.05772	10.5573	1.05573
	10.5872	1.05872	10.5673	1.05673
	10.5971	1.05971	10.5773	1.05773
	10.6071	1.06071	10.5872	1.05872
	10.617	1.0617	10.5972	1.05972
	10.627	1.0627	10.6071	1.06071
	10.6369	1.06369	10.6171	1.06171
	10.6469	1.06469	10.627	1.0627
	10.6568	1.06568	10.637	1.0637
	10.6668	1.06668	10.6469	1.06469
	10.6767	1.06767	10.6569	1.06569
	10.6867	1.06867	10.6668	1.06668
	10.6966	1.06966	10.6768	1.06768
	10.7066	1.07066	10.6867	1.06867
	10.7166	1.07166	10.6967	1.06967
	10.7265	1.07265	10.7066	1.07066
	10.7365	1.07365	10.7166	1.07166
	10.7464	1.07464	10.7265	1.07265
	10.7564	1.07564	10.7365	1.07365
	10.7663	1.07663	10.7464	1.07464
	10.7763	1.07763	10.7564	1.07564
	10.7862	1.07862	10.7663	1.07663
	10.7962	1.07962	10.7763	1.07763
	10.8061	1.08061	10.7862	1.07862
	10.8161	1.08161	10.7962	1.07962
	10.826	1.0826	10.8061	1.08061
	10.836	1.0836	10.8161	1.08161
	10.8459	1.08459	10.826	1.0826
	10.8559	1.08559	10.836	1.0836
	10.8658	1.08658	10.8459	1.08459
	10.8758	1.08758	10.8559	1.08559
	10.8857	1.08857	10.8658	1.08658
	10.8957	1.08957	10.8758	1.08758
	10.9056	1.09056	10.8857	1.08857
	10.9156	1.09156	10.8957	1.08957
	10.9255	1.09255	10.9056	1.09056
	10.9355	1.09355	10.9156	1.09156
	10.9454	1.09454	10.9255	1.09255
	10.9554	1.09554	10.9355	1.09355
	10.9653	1.09653	10.9454	1.09454
	10.9753	1.09753	10.9554	1.09554
	10.9852	1.09852	10.9653	1.09653
	10.9952	1.09952	10.9753	1.09753
	11.0051	1.10051	10.9852	1.09852
	11.0151	1.10151	10.9952	1.09952
	11.025	1.1025	11.0051	1.10051
	11.035	1.1035	11.0151	1.10151
	11.0449	1.10449	11.025	1.1025
	11.0549	1.10549	11.035	1.1035
	11.0648	1.10648	11.0449	1.10449
	11.0748	1.10748	11.0549	1.10549
	11.0847	1.10847	11.0648	1.10648
	11.0947	1.10947	11.0748	1.10748
	11.1046	1.11046	11.0847	1.10847
	11.1146	1.11146	11.0947	1.10947
	11.1245	1.11245	11.1046	1.11046
	11.1345	1.11345	11.1146	1.11146
	11.1444	1.11444	11.1245	1.11245
	11.1544	1.11544	11.1345	1.11345
	11.1643	1.11643	11.1444	1.11444
	11.1743	1.11743	11.1544	1.11544
	11.1842	1.11842	11.1643	1.11643
	11.1942	1.11942	11.1743	1.11743
	11.2041	1.12041	11.1842	1.11842
	11.2141	1.12141	11.1942	1.11942
	11.224	1.1224	11.2041	1.12041
	11.234	1.1234	11.2141	1.12141
	11.2439	1.12439	11.224	1.1224
	11.2539	1.12539	11.234	1.1234
	11.2638	1.12638	11.2439	1.12439
	11.2738	1.12738	11.2539	1.12539
	11.2837	1.12837	11.2638	1.12638
	11.2937	1.12937	11.2738	1.12738
	11.3036	1.13036	11.2837	1.12837
	11.3136	1.13136	11.2937	1.12937
	11.3235	1.13235	11.3036	1.13036
	11.3335	1.13335	11.3136	1.13136
	11.3434	1.13434	11.3235	1.13235
	11.3534	1.13534	11.3335	1.13335
	11.3633	1.13633	11.3434	1.13434
	11.3733	1.13733	11.3534	1.13534
	11.3832	1.13832	11.3633	1.13633
	11.3932	1.13932	11.3733	1.13733
	11.4031	1.14031	11.3832	1.13832
	11.4131	1.14131	11.3932	1.13932
	11.423	1.1423	11.4031	1.14031
	11.433	1.1433	11.4131	1.14131
	11.4429	1.14429	11.423	1.1423
	11.4529	1.14529	11.433	1.1433
	11.4628	1.14628	11.4429	1.14429
	11.4728	1.14728	11.4529	1.14529
	11.4827	1.14827	11.4628	1.14628
	11.4927	1.14927	11.4728	1.14728
	11.5026	1.15026	11.4827	1.14827
	11.5126	1.15126	11.4927	1.14927
	11.5225	1.15225	11.5026	1.15026
	11.5325	1.15325	11.5126	1.15126
	11.5424	1.15424	11.5225	1.15225
	11.5524	1.15524	11.5325	1.15325
	11.5623	1.15623	11.5424	1.15424
	11.5723	1.15723	11.5524	1.15524
	11.5822	1.15822	11.5623	1.15623
	11.5922	1.15922	11.5723	1.15723
	11.6021	1.16021	11.5822	1.15822
	11.6121	1.16121	11.5922	1.15922
	11.622	1.1622	11.6021	1.16021
	11.632	1.1632	11.6121	1.16121
	11.6419	1.16419	11.622	1.1622
	11.6519	1.16519	11.632	1.1632
	11.6618	1.16618	11.6419	1.16419
	11.6718	1.16718	11.6519	1.16519
	11.6817	1.16817	11.6618	1.16618
	11.6917	1.16917	11.6718	1.16718
	11.7016	1.17016	11.6817	1.16817
	11.7116	1.17116	11.6917	1.16917
	11.7215	1.17215	11.7016	1.17016
	11.7315	1.17315	11.7116	1.17116
	11.7414	1.17414	11.7215	1.17215
	11.7514	1.17514	11.7315	1.17315
	11.7613	1.17613	11.7414	1.17414
	11.7713	1.17713	11.7514	1.17514
	11.7812	1.17812	11.7613	1.17613
	11.7912	1.17912	11.7713	1.17713
	11.8011	1.18011	11.7812	1.17812
	11.8111	1.18111	11.7912	1.17912
	11.821	1.1821	11.8011	1.18011
	11.831	1.1831	11.8111	1.18111
	11.8409	1.18409	11.821	1.1821
	11.8509	1.18509	11.831	1.1831
	11.8608	1.18608	11.8409	1.18409
	11.8708	1.18708	11.8509	1.18509
	11.8807	1.18807	11.8608	1.18608
	11.8907	1.18907	11.8708	1.18708
	11.9006	1.19006	11.8807	1.18807
	11.9106	1.19106	11.8907	1.18907
	11.9205	1.19205	11.9007	1.19007
	11.9305	1.19305	11.9106	1.19106
	11.9404	1.19404	11.9206	1.19206
	11.9504	1.19504	11.9305	1.19305
	11.9603	1.19603	11.9405	1.19405
	11.9703	1.19703	11.9504	1.19504
	11.9802	1.19802	11.9604	1.19604
	11.9902	1.19902	11.9703	1.19703
	12.0001	1.20001	11.9803	1.19803
	12.0101	1.20101	11.9902	1.19902
	12.02	1.202	12.0002	1.20002
	12.03	1.203	12.0101	1.20101
	12.04	1.204	12.0201	1.20201
	12.0499	1.20499	12.03	1.203
	12.0599	1.20599	12.04	1.204
	12.0698	1.20698	12.0499	1.20499
	12.0798	1.20798	12.0599	1.20599
	12.0897	1.20897	12.0698	1.20698
	12.0997	1.20997	12.0798	1.20798
	12.1096	1.21096	12.0897	1.20897
	12.1196	1.21196	12.0997	1.20997
	12.1295	1.21295	12.1096	1.21096
	12.1395	1.21395	12.1196	1.21196
	12.1494	1.21494	12.1295	1.21295
	12.1594	1.21594	12.1395	1.21395
	12.1693	1.21693	12.1494	1.21494
	12.1793	1.21793	12.1594	1.21594
	12.1892	1.21892	12.1693	1.21693
	12.1992	1.21992	12.1793	1.21793
	12.2091	1.22091	12.1892	1.21892
	12.2191	1.22191	12.1992	1.21992
	12.229	1.2229	12.2091	1.22091
	12.239	1.2239	12.2191	1.22191
	12.2489	1.22489	12.229	1.2229
	12.2589	1.22589	12.239	1.2239
	12.2688	1.22688	12.2489	1.22489
	12.2788	1.22788	12.2589	1.22589
	12.2887	1.22887	12.2688	1.22688
	12.2987	1.22987	12.2788	1.22788
	12.3086	1.23086	12.2887	1.22887
	12.3186	1.23186	12.2987	1.22987
	12.3285	1.23285	12.3086	1.23086
	12.3385	1.23385	12.3186	1.23186
	12.3484	1.23484	12.3285	1.23285
	12.3584	1.23584	12.3385	1.23385
	12.3683	1.23683	12.3484	1.23484
	12.3783	1.23783	12.3584	1.23584
	12.3882	1.23882	12.3683	1.23683
	12.3982	1.23982	12.3783	1.23783
	12.4081	1.24081	12.3882	1.23882
	12.4181	1.24181	12.3982	1.23982
	12.428	1.2428	12.4081	1.24081
	12.438	1.2438	12.4181	1.24181
	12.4479	1.24479	12.428	1.2428
	12.4579	1.24579	12.438	1.2438
	12.4678	1.24678	12.4479	1.24479
	12.4778	1.24778	12.4579	1.24579
	12.4877	1.24877	12.4678	1.24678
	12.4977	1.24977	12.4778	1.24778
	12.5076	1.25076	12.4877	1.24877
	12.5176	1.25176	12.4977	1.24977
	12.5275	1.25275	12.5076	1.25076
	12.5375	1.25375	12.5176	1.25176
	12.5474	1.25474	12.5275	1.25275
	12.5574	1.25574	12.5375	1.25375
	12.5673	1.25673	12.5474	1.25474
	12.5773	1.25773	12.5574	1.25574
	12.5872	1.25872	12.5673	1.25673
	12.5972	1.25972	12.5773	1.25773
	12.6071	1.26071	12.5872	1.25872
	12.6171	1.26171	12.5972	1.25972
	12.627	1.2627	12.6071	1.26071
	12.637	1.2637	12.6171	1.26171
	12.6469	1.26469	12.627	1.2627
	12.6569	1.26569	12.637	1.2637
	12.6668	1.26668	12.6469	1.26469
	12.6768	1.26768	12.6569	1.26569
	12.6867	1.26867	12.6668	1.26668
	12.6967	1.26967	12.6768	1.26768
	12.7066	1.27066	12.6867	1.26867
	12.7166	1.27166	12.6967	1.26967
	12.7265	1.27265	12.7066	1.27066
	12.7365	1.27365	12.7166	1.27166
	12.7464	1.27464	12.7265	1.27265
	12.7564	1.27564	12.7365	1.27365
	12.7663	1.27663	12.7464	1.27464
	12.7763	1.27763	12.7564	1.27564
	12.7862	1.27862	12.7663	1.27663
	12.7962	1.27962	12.7763	1.27763
	12.8061	1.28061	12.7862	1.27862
	12.8161	1.28161	12.7962	1.27962
	12.826	1.2826	12.8061	1.28061
	12.836	1.2836	12.8161	1.28161
	12.8459	1.28459	12.826	1.2826
	12.8559	1.28559	12.836	1.2836
	12.8658	1.28658	12.8459	1.28459
	12.8758	1.28758	12.8559	1.28559
	12.8857	1.28857	12.8658	1.28658
	12.8957	1.28957	12.8758	1.28758
	12.9056	1.29056	12.8857	1.28857
	12.9156	1.29156	12.8957	1.28957
	12.9255	1.29255	12.9056	1.29056
	12.9355	1.29355	12.9156	1.29156
	12.9454	1.29454	12.9255	1.29255
	12.9554	1.29554	12.9355	1.29355
	12.9653	1.29653	12.9454	1.29454
	12.9753	1.29753	12.9554	1.29554
	12.9852	1.29852	12.9653	1.29653
	12.9952	1.29952	12.9753	1.29753
	13.0051	1.30051	12.9852	1.29852
	13.0151	1.30151	12.9952	1.29952
	13.025	1.3025	13.0051	1.30051
	13.035	1.3035	13.0151	1.30151
	13.0449	1.30449	13.025	1.3025
	13.0549	1.30549	13.035	1.3035
	13.0648	1.30648	13.0449	1.30449
	13.0748	1.30748	13.0549	1.30549
	13.0847	1.30847	13.0648	1.30648
	13.0947	1.30947	13.0748	1.30748
	13.1046	1.31046	13.0847	1.30847
	13.1146	1.31146	13.0947	1.30947
	13.1245	1.31245	13.1046	1.31046
	13.1345	1.31345	13.1146	1.31146
	13.1444	1.31444	13.1245	1.31245
	13.1544	1.31544	13.1345	1.31345
	13.1643	1.31643	13.1444	1.31444
	13.1743	1.31743	13.1544	1.31544
	13.1842	1.31842	13.1643	1.31643
	13.1942	1.31942	13.1743	1.31743
	13.2041	1.32041	13.1842	1.31842
	13.2141	1.32141	13.1942	1.31942
	13.224	1.3224	13.2041	1.32041
	13.234	1.3234	13.2141	1.32141
	13.2439	1.32439	13.224	1.3224
	13.2539	1.32539	13.234	1.3234
	13.2638	1.32638	13.244	1.3244
	13.2738	1.32738	13.2539	1.32539
	13.2837	1.32837	13.2639	1.32639
	13.2937	1.32937	13.2738	1.32738
	13.3036	1.33036	13.2838	1.32838
	13.3136	1.33136	13.2937	1.32937
	13.3235	1.33235	13.3037	1.33037
	13.3335	1.33335	13.3136	1.33136
	13.3434	1.33434	13.3236	1.33236
	13.3534	1.33534	13.3335	1.33335
	13.3633	1.33633	13.3435	1.33435
	13.3733	1.33733	13.3534	1.33534
	13.3833	1.33833	13.3634	1.33634
