------

k = 0
j = 1
i = 0
f = [ 0 ]
g = 
0 1 2 3 4 5 
0 0 2 3 4 5 
-1 -1 -1 -1 -1 -1 
-1 -1 -1 -1 -1 -1 
-1 -1 -1 -1 -1 -1 
-1 -1 -1 -1 -1 -1 
f = [ 0 1 ]
g = 
0 1 2 3 4 5 
0 0 2 3 4 5 
0 0 0 3 4 5 
-1 -1 -1 -1 -1 -1 
-1 -1 -1 -1 -1 -1 
-1 -1 -1 -1 -1 -1 
f = [ 0 1 2 ]
g = 
0 1 2 3 4 5 
0 0 2 3 4 5 
0 0 0 3 4 5 
0 0 0 0 4 5 
-1 -1 -1 -1 -1 -1 
-1 -1 -1 -1 -1 -1 
f = [ 0 1 2 3 ]
g = 
0 1 2 3 4 5 
0 0 2 3 4 5 
0 0 0 3 4 5 
0 0 0 0 4 5 
0 0 0 0 0 5 
-1 -1 -1 -1 -1 -1 
f = [ 0 1 2 3 4 ]
g = 
0 1 2 3 4 5 
0 0 2 3 4 5 
0 0 0 3 4 5 
0 0 0 0 4 5 
0 0 0 0 0 5 
0 0 0 0 0 0 
Subtree found: 0 1 2 3 4 
------

k = 5
j = 5
i = 5
f = [ 0 1 2 3 5 ]
g = 
0 1 2 3 4 5 
0 0 2 3 4 5 
0 0 0 3 4 5 
0 0 0 0 4 5 
0 0 0 0 0 5 
5 5 5 5 5 5 
Subtree found: 0 1 2 3 5 
------

k = 5
j = 5
i = 6
Backtracking...
f = [ 0 1 2 ]
g = 
0 1 2 3 4 5 
0 0 2 3 4 5 
0 0 0 3 4 5 
0 0 0 0 4 5 
0 0 0 0 0 5 
5 5 5 5 5 5 
f = [ 0 1 2 4 ]
g = 
0 1 2 3 4 5 
0 0 2 3 4 5 
0 0 0 3 4 5 
0 0 0 0 4 5 
0 0 0 0 4 4 
5 5 5 5 5 5 
f = [ 0 1 2 4 5 ]
g = 
0 1 2 3 4 5 
0 0 2 3 4 5 
0 0 0 3 4 5 
0 0 0 0 4 5 
0 0 0 0 4 4 
4 4 4 4 4 4 
Subtree found: 0 1 2 4 5 
------

k = 5
j = 5
i = 6
f = [ 0 1 2 4 6 ]
g = 
0 1 2 3 4 5 
0 0 2 3 4 5 
0 0 0 3 4 5 
0 0 0 0 4 5 
0 0 0 0 4 4 
4 4 4 4 4 4 
Subtree found: 0 1 2 4 6 
------

k = 5
j = 5
i = 7
Backtracking...
f = [ 0 1 2 ]
g = 
0 1 2 3 4 5 
0 0 2 3 4 5 
0 0 0 3 4 5 
0 0 0 0 4 5 
0 0 0 0 4 4 
4 4 4 4 4 4 
f = [ 0 1 2 5 ]
g = 
0 1 2 3 4 5 
0 0 2 3 4 5 
0 0 0 3 4 5 
0 0 0 0 4 5 
5 5 5 5 4 5 
4 4 4 4 4 4 
f = [ 0 1 2 5 6 ]
g = 
0 1 2 3 4 5 
0 0 2 3 4 5 
0 0 0 3 4 5 
0 0 0 0 4 5 
5 5 5 5 4 5 
4 4 4 4 4 4 
Subtree found: 0 1 2 5 6 
------

k = 5
j = 5
i = 7
Backtracking...
f = [ 0 1 2 ]
g = 
0 1 2 3 4 5 
0 0 2 3 4 5 
0 0 0 3 4 5 
0 0 0 0 4 5 
5 5 5 5 4 5 
4 4 4 4 4 4 
Backtracking...
f = [ 0 1 ]
g = 
0 1 2 3 4 5 
0 0 2 3 4 5 
0 0 0 3 4 5 
0 0 0 0 4 5 
5 5 5 5 4 5 
4 4 4 4 4 4 
f = [ 0 1 3 ]
g = 
0 1 2 3 4 5 
0 0 2 3 4 5 
0 0 0 3 4 5 
0 0 0 3 3 5 
5 5 5 5 4 5 
4 4 4 4 4 4 
f = [ 0 1 3 4 ]
g = 
0 1 2 3 4 5 
0 0 2 3 4 5 
0 0 0 3 4 5 
0 0 0 3 3 5 
0 0 0 3 3 3 
4 4 4 4 4 4 
f = [ 0 1 3 4 5 ]
g = 
0 1 2 3 4 5 
0 0 2 3 4 5 
0 0 0 3 4 5 
0 0 0 3 3 5 
0 0 0 3 3 3 
3 3 3 3 3 3 
Subtree found: 0 1 3 4 5 
------

k = 5
j = 5
i = 6
f = [ 0 1 3 4 6 ]
g = 
0 1 2 3 4 5 
0 0 2 3 4 5 
0 0 0 3 4 5 
0 0 0 3 3 5 
0 0 0 3 3 3 
3 3 3 3 3 3 
Subtree found: 0 1 3 4 6 
------

k = 5
j = 5
i = 7
Backtracking...
f = [ 0 1 3 ]
g = 
0 1 2 3 4 5 
0 0 2 3 4 5 
0 0 0 3 4 5 
0 0 0 3 3 5 
0 0 0 3 3 3 
3 3 3 3 3 3 
f = [ 0 1 3 5 ]
g = 
0 1 2 3 4 5 
0 0 2 3 4 5 
0 0 0 3 4 5 
0 0 0 3 3 5 
5 5 5 3 3 5 
3 3 3 3 3 3 
f = [ 0 1 3 5 6 ]
g = 
0 1 2 3 4 5 
0 0 2 3 4 5 
0 0 0 3 4 5 
0 0 0 3 3 5 
5 5 5 3 3 5 
3 3 3 3 3 3 
Subtree found: 0 1 3 5 6 
------

k = 5
j = 5
i = 7
Backtracking...
f = [ 0 1 3 ]
g = 
0 1 2 3 4 5 
0 0 2 3 4 5 
0 0 0 3 4 5 
0 0 0 3 3 5 
5 5 5 3 3 5 
3 3 3 3 3 3 
Backtracking...
f = [ 0 1 ]
g = 
0 1 2 3 4 5 
0 0 2 3 4 5 
0 0 0 3 4 5 
0 0 0 3 3 5 
5 5 5 3 3 5 
3 3 3 3 3 3 
Backtracking...
f = [ 0 ]
g = 
0 1 2 3 4 5 
0 0 2 3 4 5 
0 0 0 3 4 5 
0 0 0 3 3 5 
5 5 5 3 3 5 
3 3 3 3 3 3 
f = [ 0 2 ]
g = 
0 1 2 3 4 5 
0 0 2 3 4 5 
0 0 2 2 4 5 
0 0 0 3 3 5 
5 5 5 3 3 5 
3 3 3 3 3 3 
f = [ 0 2 3 ]
g = 
0 1 2 3 4 5 
0 0 2 3 4 5 
0 0 2 2 4 5 
0 0 2 2 2 5 
5 5 5 3 3 5 
3 3 3 3 3 3 
f = [ 0 2 3 4 ]
g = 
0 1 2 3 4 5 
0 0 2 3 4 5 
0 0 2 2 4 5 
0 0 2 2 2 5 
0 0 2 2 2 2 
3 3 3 3 3 3 
f = [ 0 2 3 4 5 ]
g = 
0 1 2 3 4 5 
0 0 2 3 4 5 
0 0 2 2 4 5 
0 0 2 2 2 5 
0 0 2 2 2 2 
2 2 2 2 2 2 
Subtree found: 0 2 3 4 5 
------

k = 5
j = 5
i = 6
f = [ 0 2 3 4 6 ]
g = 
0 1 2 3 4 5 
0 0 2 3 4 5 
0 0 2 2 4 5 
0 0 2 2 2 5 
0 0 2 2 2 2 
2 2 2 2 2 2 
Subtree found: 0 2 3 4 6 
------

k = 5
j = 5
i = 7
Backtracking...
f = [ 0 2 3 ]
g = 
0 1 2 3 4 5 
0 0 2 3 4 5 
0 0 2 2 4 5 
0 0 2 2 2 5 
0 0 2 2 2 2 
2 2 2 2 2 2 
f = [ 0 2 3 5 ]
g = 
0 1 2 3 4 5 
0 0 2 3 4 5 
0 0 2 2 4 5 
0 0 2 2 2 5 
5 5 2 2 2 5 
2 2 2 2 2 2 
f = [ 0 2 3 5 6 ]
g = 
0 1 2 3 4 5 
0 0 2 3 4 5 
0 0 2 2 4 5 
0 0 2 2 2 5 
5 5 2 2 2 5 
2 2 2 2 2 2 
Subtree found: 0 2 3 5 6 
------

k = 5
j = 5
i = 7
Backtracking...
f = [ 0 2 3 ]
g = 
0 1 2 3 4 5 
0 0 2 3 4 5 
0 0 2 2 4 5 
0 0 2 2 2 5 
5 5 2 2 2 5 
2 2 2 2 2 2 
Backtracking...
f = [ 0 2 ]
g = 
0 1 2 3 4 5 
0 0 2 3 4 5 
0 0 2 2 4 5 
0 0 2 2 2 5 
5 5 2 2 2 5 
2 2 2 2 2 2 
f = [ 0 2 4 ]
g = 
0 1 2 3 4 5 
0 0 2 3 4 5 
0 0 2 2 4 5 
0 0 2 2 4 4 
5 5 2 2 2 5 
2 2 2 2 2 2 
f = [ 0 2 4 5 ]
g = 
0 1 2 3 4 5 
0 0 2 3 4 5 
0 0 2 2 4 5 
0 0 2 2 4 4 
4 4 2 2 4 4 
2 2 2 2 2 2 
f = [ 0 2 4 5 ]
g = 
0 1 2 3 4 5 
0 0 2 3 4 5 
0 0 2 2 4 5 
0 0 2 2 4 4 
4 4 2 2 4 4 
2 2 2 2 2 2 
Backtracking...
f = [ 0 2 4 ]
g = 
0 1 2 3 4 5 
0 0 2 3 4 5 
0 0 2 2 4 5 
0 0 2 2 4 4 
4 4 2 2 4 4 
2 2 2 2 2 2 
Backtracking...
f = [ 0 2 ]
g = 
0 1 2 3 4 5 
0 0 2 3 4 5 
0 0 2 2 4 5 
0 0 2 2 4 4 
4 4 2 2 4 4 
2 2 2 2 2 2 
Backtracking...
f = [ 0 ]
g = 
0 1 2 3 4 5 
0 0 2 3 4 5 
0 0 2 2 4 5 
0 0 2 2 4 4 
4 4 2 2 4 4 
2 2 2 2 2 2 
Backtracking...
f = [ ]
g = 
0 1 2 3 4 5 
0 0 2 3 4 5 
0 0 2 2 4 5 
0 0 2 2 4 4 
4 4 2 2 4 4 
2 2 2 2 2 2 
f = [ 1 ]
g = 
0 1 2 3 4 5 
0 1 1 3 4 5 
0 0 2 2 4 5 
0 0 2 2 4 4 
4 4 2 2 4 4 
2 2 2 2 2 2 
f = [ 1 2 ]
g = 
0 1 2 3 4 5 
0 1 1 3 4 5 
0 1 1 1 4 5 
0 0 2 2 4 4 
4 4 2 2 4 4 
2 2 2 2 2 2 
f = [ 1 2 3 ]
g = 
0 1 2 3 4 5 
0 1 1 3 4 5 
0 1 1 1 4 5 
0 1 1 1 1 5 
4 4 2 2 4 4 
2 2 2 2 2 2 
f = [ 1 2 3 4 ]
g = 
0 1 2 3 4 5 
0 1 1 3 4 5 
0 1 1 1 4 5 
0 1 1 1 1 5 
0 1 1 1 1 1 
2 2 2 2 2 2 
f = [ 1 2 3 4 5 ]
g = 
0 1 2 3 4 5 
0 1 1 3 4 5 
0 1 1 1 4 5 
0 1 1 1 1 5 
0 1 1 1 1 1 
1 1 1 1 1 1 
Subtree found: 1 2 3 4 5 
------

k = 5
j = 5
i = 6
Backtracking...
f = [ 1 2 3 ]
g = 
0 1 2 3 4 5 
0 1 1 3 4 5 
0 1 1 1 4 5 
0 1 1 1 1 5 
0 1 1 1 1 1 
1 1 1 1 1 1 
f = [ 1 2 3 5 ]
g = 
0 1 2 3 4 5 
0 1 1 3 4 5 
0 1 1 1 4 5 
0 1 1 1 1 5 
5 1 1 1 1 5 
1 1 1 1 1 1 
f = [ 1 2 3 5 ]
g = 
0 1 2 3 4 5 
0 1 1 3 4 5 
0 1 1 1 4 5 
0 1 1 1 1 5 
5 1 1 1 1 5 
1 1 1 1 1 1 
Backtracking...
f = [ 1 2 3 ]
g = 
0 1 2 3 4 5 
0 1 1 3 4 5 
0 1 1 1 4 5 
0 1 1 1 1 5 
5 1 1 1 1 5 
1 1 1 1 1 1 
Backtracking...
f = [ 1 2 ]
g = 
0 1 2 3 4 5 
0 1 1 3 4 5 
0 1 1 1 4 5 
0 1 1 1 1 5 
5 1 1 1 1 5 
1 1 1 1 1 1 
f = [ 1 2 4 ]
g = 
0 1 2 3 4 5 
0 1 1 3 4 5 
0 1 1 1 4 5 
0 1 1 1 4 4 
5 1 1 1 1 5 
1 1 1 1 1 1 
f = [ 1 2 4 5 ]
g = 
0 1 2 3 4 5 
0 1 1 3 4 5 
0 1 1 1 4 5 
0 1 1 1 4 4 
4 1 1 1 4 4 
1 1 1 1 1 1 
f = [ 1 2 4 5 6 ]
g = 
0 1 2 3 4 5 
0 1 1 3 4 5 
0 1 1 1 4 5 
0 1 1 1 4 4 
4 1 1 1 4 4 
4 4 4 4 4 4 
Subtree found: 1 2 4 5 6 
------

k = 5
j = 5
i = 7
Backtracking...
f = [ 1 2 4 ]
g = 
0 1 2 3 4 5 
0 1 1 3 4 5 
0 1 1 1 4 5 
0 1 1 1 4 4 
4 1 1 1 4 4 
4 4 4 4 4 4 
Backtracking...
f = [ 1 2 ]
g = 
0 1 2 3 4 5 
0 1 1 3 4 5 
0 1 1 1 4 5 
0 1 1 1 4 4 
4 1 1 1 4 4 
4 4 4 4 4 4 
Backtracking...
f = [ 1 ]
g = 
0 1 2 3 4 5 
0 1 1 3 4 5 
0 1 1 1 4 5 
0 1 1 1 4 4 
4 1 1 1 4 4 
4 4 4 4 4 4 
f = [ 1 3 ]
g = 
0 1 2 3 4 5 
0 1 1 3 4 5 
0 1 1 3 3 5 
0 1 1 1 4 4 
4 1 1 1 4 4 
4 4 4 4 4 4 
f = [ 1 3 4 ]
g = 
0 1 2 3 4 5 
0 1 1 3 4 5 
0 1 1 3 3 5 
0 1 1 3 3 3 
4 1 1 1 4 4 
4 4 4 4 4 4 
f = [ 1 3 4 5 ]
g = 
0 1 2 3 4 5 
0 1 1 3 4 5 
0 1 1 3 3 5 
0 1 1 3 3 3 
3 1 1 3 3 3 
4 4 4 4 4 4 
f = [ 1 3 4 5 6 ]
g = 
0 1 2 3 4 5 
0 1 1 3 4 5 
0 1 1 3 3 5 
0 1 1 3 3 3 
3 1 1 3 3 3 
3 3 3 3 3 3 
Subtree found: 1 3 4 5 6 
------

k = 5
j = 5
i = 7
Backtracking...
f = [ 1 3 4 ]
g = 
0 1 2 3 4 5 
0 1 1 3 4 5 
0 1 1 3 3 5 
0 1 1 3 3 3 
3 1 1 3 3 3 
3 3 3 3 3 3 
Backtracking...
f = [ 1 3 ]
g = 
0 1 2 3 4 5 
0 1 1 3 4 5 
0 1 1 3 3 5 
0 1 1 3 3 3 
3 1 1 3 3 3 
3 3 3 3 3 3 
Backtracking...
f = [ 1 ]
g = 
0 1 2 3 4 5 
0 1 1 3 4 5 
0 1 1 3 3 5 
0 1 1 3 3 3 
3 1 1 3 3 3 
3 3 3 3 3 3 
Backtracking...
f = [ ]
g = 
0 1 2 3 4 5 
0 1 1 3 4 5 
0 1 1 3 3 5 
0 1 1 3 3 3 
3 1 1 3 3 3 
3 3 3 3 3 3 
f = [ 2 ]
g = 
0 1 2 3 4 5 
0 1 2 2 4 5 
0 1 1 3 3 5 
0 1 1 3 3 3 
3 1 1 3 3 3 
3 3 3 3 3 3 
f = [ 2 3 ]
g = 
0 1 2 3 4 5 
0 1 2 2 4 5 
0 1 2 2 2 5 
0 1 1 3 3 3 
3 1 1 3 3 3 
3 3 3 3 3 3 
f = [ 2 3 4 ]
g = 
0 1 2 3 4 5 
0 1 2 2 4 5 
0 1 2 2 2 5 
0 1 2 2 2 2 
3 1 1 3 3 3 
3 3 3 3 3 3 
f = [ 2 3 4 5 ]
g = 
0 1 2 3 4 5 
0 1 2 2 4 5 
0 1 2 2 2 5 
0 1 2 2 2 2 
2 1 2 2 2 2 
3 3 3 3 3 3 
f = [ 2 3 4 5 6 ]
g = 
0 1 2 3 4 5 
0 1 2 2 4 5 
0 1 2 2 2 5 
0 1 2 2 2 2 
2 1 2 2 2 2 
2 2 2 2 2 2 
Subtree found: 2 3 4 5 6 
------

k = 5
j = 5
i = 7
Backtracking...
f = [ 2 3 4 ]
g = 
0 1 2 3 4 5 
0 1 2 2 4 5 
0 1 2 2 2 5 
0 1 2 2 2 2 
2 1 2 2 2 2 
2 2 2 2 2 2 
Backtracking...
f = [ 2 3 ]
g = 
0 1 2 3 4 5 
0 1 2 2 4 5 
0 1 2 2 2 5 
0 1 2 2 2 2 
2 1 2 2 2 2 
2 2 2 2 2 2 
Backtracking...
f = [ 2 ]
g = 
0 1 2 3 4 5 
0 1 2 2 4 5 
0 1 2 2 2 5 
0 1 2 2 2 2 
2 1 2 2 2 2 
2 2 2 2 2 2 
Backtracking...
f = [ ]
g = 
0 1 2 3 4 5 
0 1 2 2 4 5 
0 1 2 2 2 5 
0 1 2 2 2 2 
2 1 2 2 2 2 
2 2 2 2 2 2 
Backtracking...

Total time: 0.02 seconds.
Number of trees found: 15
Number of NON-ISOMORPHIC trees found: 3
Tree 3f occured 8 times (edges: [0 1] [1 2] [2 3] [3 4] [4 5] )
Tree 6f occured 6 times (edges: [0 1] [1 2] [2 3] [4 5] [4 1] )
Tree b7 occured 1 times (edges: [0 1] [1 2] [3 4] [4 5] [4 1] )

Edge [0 1] is required by trees b7
Edge [1 2] is required by trees b7
Edge [3 4] is required by trees b7
Edge [4 5] is required by trees b7
Edge [4 1] is required by trees 6f, b7
Edges not required: [2 3] [5 0] 
